<?xml version="1.0" encoding="UTF-8"?>
<testng-results ignored="0" total="4" passed="4" failed="0" skipped="0">
  <reporter-output>
  </reporter-output>
  <suite started-at="2023-01-28T12:56:56 IST" name="Default suite" finished-at="2023-01-28T12:56:57 IST" duration-ms="342">
    <groups>
    </groups>
    <test started-at="2023-01-28T12:56:56 IST" name="Default test" finished-at="2023-01-28T12:56:57 IST" duration-ms="342">
      <class name="testng.Annotaions">
        <test-method is-config="true" signature="beforesuit()[pri:0, instance:testng.Annotaions@5ab956d7]" started-at="2023-01-28T12:56:56 IST" name="beforesuit" finished-at="2023-01-28T12:56:56 IST" duration-ms="65" status="PASS">
          <reporter-output>
          </reporter-output>
        </test-method> <!-- beforesuit -->
        <test-method is-config="true" signature="befortest()[pri:0, instance:testng.Annotaions@5ab956d7]" started-at="2023-01-28T12:56:56 IST" name="befortest" finished-at="2023-01-28T12:56:56 IST" duration-ms="8" status="PASS">
          <reporter-output>
          </reporter-output>
        </test-method> <!-- befortest -->
        <test-method is-config="true" signature="beforeclas()[pri:0, instance:testng.Annotaions@5ab956d7]" started-at="2023-01-28T12:56:56 IST" name="beforeclas" finished-at="2023-01-28T12:56:56 IST" duration-ms="2" status="PASS">
          <reporter-output>
          </reporter-output>
        </test-method> <!-- beforeclas -->
        <test-method signature="beformethod()[pri:0, instance:testng.Annotaions@5ab956d7]" started-at="2023-01-28T12:56:56 IST" name="beformethod" finished-at="2023-01-28T12:56:56 IST" duration-ms="20" status="PASS">
          <reporter-output>
          </reporter-output>
        </test-method> <!-- beformethod -->
        <test-method is-config="true" signature="aftemethod()[pri:0, instance:testng.Annotaions@5ab956d7]" started-at="2023-01-28T12:56:56 IST" name="aftemethod" finished-at="2023-01-28T12:56:56 IST" duration-ms="2" status="PASS">
          <reporter-output>
          </reporter-output>
        </test-method> <!-- aftemethod -->
        <test-method signature="tes1()[pri:0, instance:testng.Annotaions@5ab956d7]" started-at="2023-01-28T12:56:56 IST" name="tes1" finished-at="2023-01-28T12:56:56 IST" duration-ms="9" status="PASS">
          <reporter-output>
          </reporter-output>
        </test-method> <!-- tes1 -->
        <test-method is-config="true" signature="aftemethod()[pri:0, instance:testng.Annotaions@5ab956d7]" started-at="2023-01-28T12:56:56 IST" name="aftemethod" finished-at="2023-01-28T12:56:57 IST" duration-ms="7" status="PASS">
          <reporter-output>
          </reporter-output>
        </test-method> <!-- aftemethod -->
        <test-method signature="tes2()[pri:0, instance:testng.Annotaions@5ab956d7]" started-at="2023-01-28T12:56:57 IST" name="tes2" finished-at="2023-01-28T12:56:57 IST" duration-ms="17" status="PASS">
          <reporter-output>
          </reporter-output>
        </test-method> <!-- tes2 -->
        <test-method is-config="true" signature="aftemethod()[pri:0, instance:testng.Annotaions@5ab956d7]" started-at="2023-01-28T12:56:57 IST" name="aftemethod" finished-at="2023-01-28T12:56:57 IST" duration-ms="6" status="PASS">
          <reporter-output>
          </reporter-output>
        </test-method> <!-- aftemethod -->
        <test-method signature="tes3()[pri:0, instance:testng.Annotaions@5ab956d7]" started-at="2023-01-28T12:56:57 IST" name="tes3" finished-at="2023-01-28T12:56:57 IST" duration-ms="17" status="PASS">
          <reporter-output>
          </reporter-output>
        </test-method> <!-- tes3 -->
        <test-method is-config="true" signature="aftemethod()[pri:0, instance:testng.Annotaions@5ab956d7]" started-at="2023-01-28T12:56:57 IST" name="aftemethod" finished-at="2023-01-28T12:56:57 IST" duration-ms="5" status="PASS">
          <reporter-output>
          </reporter-output>
        </test-method> <!-- aftemethod -->
        <test-method is-config="true" signature="afterclass()[pri:0, instance:testng.Annotaions@5ab956d7]" started-at="2023-01-28T12:56:57 IST" name="afterclass" finished-at="2023-01-28T12:56:57 IST" duration-ms="2" status="PASS">
          <reporter-output>
          </reporter-output>
        </test-method> <!-- afterclass -->
        <test-method is-config="true" signature="aftertest()[pri:0, instance:testng.Annotaions@5ab956d7]" started-at="2023-01-28T12:56:57 IST" name="aftertest" finished-at="2023-01-28T12:56:57 IST" duration-ms="1" status="PASS">
          <reporter-output>
          </reporter-output>
        </test-method> <!-- aftertest -->
        <test-method is-config="true" signature="afteresuit()[pri:0, instance:testng.Annotaions@5ab956d7]" started-at="2023-01-28T12:56:57 IST" name="afteresuit" finished-at="2023-01-28T12:56:57 IST" duration-ms="1" status="PASS">
          <reporter-output>
          </reporter-output>
        </test-method> <!-- afteresuit -->
      </class> <!-- testng.Annotaions -->
    </test> <!-- Default test -->
  </suite> <!-- Default suite -->
</testng-results>
