<?xml version="1.0" encoding="UTF-8"?>
<!-- Generated by org.testng.reporters.JUnitXMLReporter -->
<testsuite ignored="0" hostname="DESKTOP-EG97OMK" failures="0" tests="4" name="Default test" time="0.342" errors="0" timestamp="2023-01-28T12:56:57 IST">
  <testcase classname="testng.Annotaions" name="beformethod" time="0.02"/>
  <testcase classname="testng.Annotaions" name="tes1" time="0.009"/>
  <testcase classname="testng.Annotaions" name="tes2" time="0.017"/>
  <testcase classname="testng.Annotaions" name="tes3" time="0.017"/>
</testsuite> <!-- Default test -->
